#
# A fatal error has been detected by the Java Runtime Environment:
#
#  EXCEPTION_ACCESS_VIOLATION (0xc0000005) at pc=0x00007fff2eec3004, pid=15888, tid=16952
#
# JRE version: OpenJDK Runtime Environment (24.0+36) (build 24+36-3646)
# Java VM: OpenJDK 64-Bit Server VM (24+36-3646, mixed mode, emulated-client, sharing, tiered, compressed oops, compressed class ptrs, g1 gc, windows-amd64)
# Problematic frame:
# C  [libasyncProfiler.dll+0x93004]
#
# No core dump will be written. Minidumps are not enabled by default on client versions of Windows
#
# JFR recording file will be written. Location: C:\Users\artur\Downloads\api-autenticacion\hs_err_pid15888.jfr
#
# If you would like to submit a bug report, please visit:
#   https://bugreport.java.com/bugreport/crash.jsp
# The crash happened outside the Java Virtual Machine in native code.
# See problematic frame for where to report the bug.
#

---------------  S U M M A R Y ------------

Command Line: -XX:TieredStopAtLevel=1 -Dspring.output.ansi.enabled=always -Dcom.sun.management.jmxremote -Dspring.jmx.enabled=true -Dspring.liveBeansView.mbeanDomain -Dspring.application.admin.enabled=true -Dmanagement.endpoints.jmx.exposure.include=* -javaagent:C:\Program Files\JetBrains\IntelliJ IDEA 2024.3.5\lib\idea_rt.jar=54585 -Dfile.encoding=UTF-8 -Dsun.stdout.encoding=UTF-8 -Dsun.stderr.encoding=UTF-8 com.udb.ciberseguridad.ApiAutenticacionApplication

Host: Intel(R) Celeron(R) N5100 @ 1.10GHz, 4 cores, 3G,  Windows 11 , 64 bit Build 22621 (10.0.22621.5415)
Time: Thu Sep 18 12:00:08 2025 Hora estándar, América Central elapsed time: 68.011681 seconds (0d 0h 1m 8s)

---------------  T H R E A D  ---------------

Current thread (0x000001cd3493fac0):  JavaThread "Attach Listener" daemon [_thread_in_native, id=16952, stack(0x000000909e000000,0x000000909e100000) (1024K)]

Stack: [0x000000909e000000,0x000000909e100000],  sp=0x000000909e0ff340,  free space=1020k
Native frames: (J=compiled Java code, j=interpreted, Vv=VM code, C=native code)
C  [libasyncProfiler.dll+0x93004]  (no source info available)
C  [libasyncProfiler.dll+0x934db]  (no source info available)
C  [libasyncProfiler.dll+0x92134]  (no source info available)
C  [libasyncProfiler.dll+0x929aa]  (no source info available)
C  [libasyncProfiler.dll+0x8d561]  (no source info available)
C  [libasyncProfiler.dll+0x7ef21]  (no source info available)
C  [libasyncProfiler.dll+0x7dc38]  (no source info available)
C  [libasyncProfiler.dll+0x7db20]  (no source info available)
C  [libasyncProfiler.dll+0x84af9]  (no source info available)
V  [jvm.dll+0x57f1b7]  (no source info available)
V  [jvm.dll+0x57ff2c]  (no source info available)
V  [jvm.dll+0x14c9b7]  (no source info available)
V  [jvm.dll+0x14df81]  (no source info available)
V  [jvm.dll+0x42f566]  (no source info available)
V  [jvm.dll+0x87d8fb]  (no source info available)
V  [jvm.dll+0x72efe5]  (no source info available)
C  [ucrtbase.dll+0x29333]  (no source info available)
C  [KERNEL32.DLL+0x1259d]  (no source info available)
C  [ntdll.dll+0x5af78]  (no source info available)


siginfo: EXCEPTION_ACCESS_VIOLATION (0xc0000005), reading address 0xffffffffffffffff


Registers:
RAX=0x0000000000000010, RBX=0x0000000000000000, RCX=0xffffffffffffffff, RDX=0x007fff13752ff010
RSP=0x000000909e0ff340, RBP=0x000001cd7c1414e0, RSI=0x000000909e0ff4b0, RDI=0x000001cd7c1414e0
R8 =0x0000000000000042, R9 =0x00000000c3287e88, R10=0x00007fff139c9fc0, R11=0x000000000000002a
R12=0x000000909e0ff4b0, R13=0x000001cd7b9aaab0, R14=0x000001cd3493fe88, R15=0x000001cd3493fe88
RIP=0x00007fff2eec3004, EFLAGS=0x0000000000010202

XMM[0]=0x0000000000000000 0x0000000000000000
XMM[1]=0x0000000000000000 0x0000000000000000
XMM[2]=0x0000000000000000 0x0000000000000000
XMM[3]=0x0000000000000000 0x0000000000000000
XMM[4]=0x0000000000000000 0x0000000000000000
XMM[5]=0x0000000000000000 0x0000000000000000
XMM[6]=0x0000000000000000 0x0000000000000000
XMM[7]=0x0000000000000000 0x0000000000000000
XMM[8]=0x0000000000000000 0x0000000000000000
XMM[9]=0x0000000000000000 0x0000000000000000
XMM[10]=0x0000000000000000 0x0000000000000000
XMM[11]=0x0000000000000000 0x0000000000000000
XMM[12]=0x0000000000000000 0x0000000000000000
XMM[13]=0x0000000000000000 0x0000000000000000
XMM[14]=0x0000000000000000 0x0000000000000000
XMM[15]=0x0000000000000000 0x0000000000000000
  MXCSR=0x00001fa0


Register to memory mapping:

RAX=0x0000000000000010 is an unknown value
RBX=0x0 is null
RCX=0xffffffffffffffff is an unknown value
RDX=0x007fff13752ff010 is an unknown value
RSP=0x000000909e0ff340 is pointing into the stack for thread: 0x000001cd3493fac0
RBP=0x000001cd7c1414e0 points into unknown readable memory: 0x00000000c3287e88 | 88 7e 28 c3 00 00 00 00
RSI=0x000000909e0ff4b0 is pointing into the stack for thread: 0x000001cd3493fac0
RDI=0x000001cd7c1414e0 points into unknown readable memory: 0x00000000c3287e88 | 88 7e 28 c3 00 00 00 00
R8 =0x0000000000000042 is an unknown value
R9 =0x00000000c3287e88 is an oop: java.lang.ref.Reference$ReferenceHandler 
{0x00000000c3287e88} - klass: 'java/lang/ref/Reference$ReferenceHandler' - flags: 

 - ---- fields (total size 14 words):
 - 'threadLocalRandomProbe' 'I' @12  0 (0x00000000)
 - private volatile 'eetop' 'J' @16  1980862014256 (0x000001cd3493a330)
 - private final 'tid' 'J' @24  13 (0x000000000000000d)
 - 'threadLocalRandomSeed' 'J' @32  0 (0x0000000000000000)
 - injected 'jvmti_thread_state' 'J' @40  1982052382160 (0x000001cd7b8735d0)
 - 'threadLocalRandomSecondarySeed' 'I' @48  0 (0x00000000)
 - injected 'jvmti_VTMS_transition_disable_count' 'I' @52  0 (0x00000000)
 - injected 'jfr_epoch' 'S' @56  0 (0x0000)
 - volatile 'interrupted' 'Z' @58  false (0x00)
 - injected 'jvmti_is_in_VTMS_transition' 'Z' @59  false (0x00)
 - private volatile 'name' 'Ljava/lang/String;' @60  "Reference Handler"{0x00000000ffe0a470} (0xffe0a470)
 - private volatile 'contextClassLoader' 'Ljava/lang/ClassLoader;' @64  null (0x00000000)
 - private final 'holder' 'Ljava/lang/Thread$FieldHolder;' @68  a 'java/lang/Thread$FieldHolder'{0x00000000c3089100} (0xc3089100)
 - 'threadLocals' 'Ljava/lang/ThreadLocal$ThreadLocalMap;' @72  null (0x00000000)
 - 'inheritableThreadLocals' 'Ljava/lang/ThreadLocal$ThreadLocalMap;' @76  null (0x00000000)
 - private 'scopedValueBindings' 'Ljava/lang/Object;' @80  a 'java/lang/Class'{0x00000000ffe7c280} = 'java/lang/Thread' (0xffe7c280)
 - final 'interruptLock' 'Ljava/lang/Object;' @84  a 'java/lang/Object'{0x00000000c3089128} (0xc3089128)
 - private volatile 'parkBlocker' 'Ljava/lang/Object;' @88  null (0x00000000)
 - private 'nioBlocker' 'Lsun/nio/ch/Interruptible;' @92  null (0x00000000)
 - private 'cont' 'Ljdk/internal/vm/Continuation;' @96  null (0x00000000)
 - private volatile 'uncaughtExceptionHandler' 'Ljava/lang/Thread$UncaughtExceptionHandler;' @100  null (0x00000000)
 - private 'container' 'Ljdk/internal/vm/ThreadContainer;' @104  null (0x00000000)
 - private volatile 'headStackableScopes' 'Ljdk/internal/vm/StackableScope;' @108  null (0x00000000)
R10=0x00007fff139c9fc0 jvm.dll
R11=0x000000000000002a is an unknown value
R12=0x000000909e0ff4b0 is pointing into the stack for thread: 0x000001cd3493fac0
R13=0x000001cd7b9aaab0 points into unknown readable memory: 0x00007fff1393a510 | 10 a5 93 13 ff 7f 00 00
R14=0x000001cd3493fe88 points into unknown readable memory: 0x00007fff139317b0 | b0 17 93 13 ff 7f 00 00
R15=0x000001cd3493fe88 points into unknown readable memory: 0x00007fff139317b0 | b0 17 93 13 ff 7f 00 00

Top of Stack: (sp=0x000000909e0ff340)
0x000000909e0ff340:   000000909e0ff4b0 000001cd7c1414e0   ...........|....
0x000000909e0ff350:   0000000000000000 000001cd34944090   .........@.4....
0x000000909e0ff360:   0000000000000031 00007fff2eec34db   1........4......
0x000000909e0ff370:   0000000000000000 000001cd3493fe88   ...........4....
0x000000909e0ff380:   000000909e0ff401 0000000000000000   ................
0x000000909e0ff390:   000001cd7bb57af0 00007fff2eec2134   .z.{....4!......
0x000000909e0ff3a0:   0000000000000000 0000000000000031   ........1.......
0x000000909e0ff3b0:   0000000000000000 0000000000000031   ........1.......
0x000000909e0ff3c0:   000000207e8ea040 000001cd7bb589d0   @..~ ......{....
0x000000909e0ff3d0:   000001cd7bb57af0 000001cd7bb57bb4   .z.{.....{.{....
0x000000909e0ff3e0:   000001cd7bb57bec 0000000000003e98   .{.{.....>......
0x000000909e0ff3f0:   0000000000000000 0000000000000000   ................
0x000000909e0ff400:   0000000000000000 00007fff131958e4   .........X......
0x000000909e0ff410:   00007fff2f01ae00 0000000000003e10   .../.....>......
0x000000909e0ff420:   00007fff2f01ae00 00000000ffffffff   .../............
0x000000909e0ff430:   0000000000000000 00007fff2eec29aa   .........)......
0x000000909e0ff440:   000001cd3493fe88 0000000000000000   ...4............
0x000000909e0ff450:   000000909e0ff4b9 000001cd7b9aaab0   ...........{....
0x000000909e0ff460:   0000000000000003 0000000000000048   ........H.......
0x000000909e0ff470:   0000000800800310 0000000000000020   ........ .......
0x000000909e0ff480:   000001cd3493fe88 00007fff2f01ae00   ...4......./....
0x000000909e0ff490:   000001cd347f8db0 000001cd7b8735d0   ...4.....5.{....
0x000000909e0ff4a0:   0000000800800390 000001cd3493fe88   ...........4....
0x000000909e0ff4b0:   000001cd7c007ba0 000001cd7c0081c0   .{.|.......|....
0x000000909e0ff4c0:   000001cd7c0081c0 00007fff2f01ae00   ...|......./....
0x000000909e0ff4d0:   000001cd7a3f9040 000001cd236e0000   @.?z......n#....
0x000000909e0ff4e0:   000000909e0ff780 0000000000008840   ........@.......
0x000000909e0ff4f0:   000000909e0ff960 00007fff2f01ae50   `.......P../....
0x000000909e0ff500:   0000000000989680 0000000000989680   ................
0x000000909e0ff510:   000000909e0ff620 00007fff2eebd561    .......a.......
0x000000909e0ff520:   00007fff2f01ae00 00007fff2f01ae58   .../....X../....
0x000000909e0ff530:   00007fff00000000 00007fff00000001   ................

Instructions: (pc=0x00007fff2eec3004)
  0x00007fff2eec2f04:   cc cc cc cc cc cc cc cc cc cc cc cc cc cc cc cc
  0x00007fff2eec2f14:   cc cc cc cc cc cc cc cc cc cc cc cc cc cc cc cc
  0x00007fff2eec2f24:   cc cc cc cc cc cc cc cc cc cc cc cc cc cc cc cc
  0x00007fff2eec2f34:   cc cc cc cc cc cc cc cc cc cc cc cc cc cc cc cc
  0x00007fff2eec2f44:   cc cc cc cc cc cc cc cc cc cc cc cc cc cc cc cc
  0x00007fff2eec2f54:   cc cc cc cc cc cc cc cc cc cc cc cc cc cc cc cc
  0x00007fff2eec2f64:   cc cc cc cc cc cc cc cc cc cc cc cc cc cc cc cc
  0x00007fff2eec2f74:   cc cc cc cc cc cc cc cc cc cc cc cc cc cc cc cc
  0x00007fff2eec2f84:   cc cc cc cc cc cc cc cc cc cc cc cc 40 57 48 83
  0x00007fff2eec2f94:   ec 20 48 8b f9 48 8b 0d 30 80 15 00 48 85 c9 74
  0x00007fff2eec2fa4:   20 48 8b 01 48 8d 54 24 38 41 b8 06 00 01 00 4c
  0x00007fff2eec2fb4:   8b 48 30 41 ff d1 85 c0 75 07 48 8b 4c 24 38 eb
  0x00007fff2eec2fc4:   02 33 c9 4c 8b 05 0a 81 15 00 48 89 5c 24 30 4d
  0x00007fff2eec2fd4:   85 c0 74 4a 48 8b 01 48 8b d7 4c 8b 88 28 03 00
  0x00007fff2eec2fe4:   00 41 ff d1 48 85 c0 74 35 48 63 0d b8 3d 15 00
  0x00007fff2eec2ff4:   48 8b 14 01 48 85 d2 74 15 48 63 05 bc 3d 15 00
=>0x00007fff2eec3004:   8b 04 10 48 8b 5c 24 30 48 83 c4 20 5f c3 b8 ff
  0x00007fff2eec3014:   ff ff ff 48 8b 5c 24 30 48 83 c4 20 5f c3 80 3d
  0x00007fff2eec3024:   bb 7f 15 00 00 bb ff ff ff ff 74 20 4c 8b 0d 51
  0x00007fff2eec3034:   7c 15 00 4c 8d 44 24 38 48 8b 0d 35 7c 15 00 48
  0x00007fff2eec3044:   8b d7 41 ff d1 85 c0 0f 44 5c 24 38 8b c3 48 8b
  0x00007fff2eec3054:   5c 24 30 48 83 c4 20 5f c3 cc cc cc cc cc cc cc
  0x00007fff2eec3064:   cc cc cc cc cc cc cc cc cc cc cc cc cc cc cc cc
  0x00007fff2eec3074:   cc cc cc cc cc cc cc cc cc cc cc cc cc cc cc cc
  0x00007fff2eec3084:   cc cc cc cc cc cc cc cc cc cc cc cc 48 89 54 24
  0x00007fff2eec3094:   10 53 55 56 57 41 56 41 57 48 83 ec 28 48 8b f2
  0x00007fff2eec30a4:   4c 8b f1 48 89 4c 24 78 45 33 ff 44 89 7c 24 68
  0x00007fff2eec30b4:   c7 44 24 60 01 00 00 00 48 8d 4c 24 68 e8 69 3c
  0x00007fff2eec30c4:   f7 ff 8b d8 48 8d 4c 24 60 e8 5d 3c f7 ff 8b e8
  0x00007fff2eec30d4:   49 8b ce e8 33 f3 f6 ff 48 8b f8 90 8b c3 f0 0f
  0x00007fff2eec30e4:   b1 2f 74 04 f3 90 eb f4 4c 89 3e 4c 89 7e 08 4c
  0x00007fff2eec30f4:   89 7e 10 49 8b 6e 08 4d 8b 76 10 49 3b ee 0f 84


Stack slot to memory mapping:

stack at sp + 0 slots: 0x000000909e0ff4b0 is pointing into the stack for thread: 0x000001cd3493fac0
stack at sp + 1 slots: 0x000001cd7c1414e0 points into unknown readable memory: 0x00000000c3287e88 | 88 7e 28 c3 00 00 00 00
stack at sp + 2 slots: 0x0 is null
stack at sp + 3 slots: 0x000001cd34944090 points into unknown readable memory: 0x6e616c2e6176616a | 6a 61 76 61 2e 6c 61 6e
stack at sp + 4 slots: 0x0000000000000031 is an unknown value
stack at sp + 5 slots: 0x00007fff2eec34db libasyncProfiler.dll
stack at sp + 6 slots: 0x0 is null
stack at sp + 7 slots: 0x000001cd3493fe88 points into unknown readable memory: 0x00007fff139317b0 | b0 17 93 13 ff 7f 00 00

Lock stack of current Java thread (top to bottom):


---------------  P R O C E S S  ---------------

Threads class SMR info:
_java_thread_list=0x000001cd7c1dd2f0, length=36, elements={
0x000001cd3493a330, 0x000001cd3493b3c0, 0x000001cd34940210, 0x000001cd3493fac0,
0x000001cd34941800, 0x000001cd349410b0, 0x000001cd34945e30, 0x000001cd34940960,
0x000001cd3493f370, 0x000001cd34941f50, 0x000001cd3493ec20, 0x000001cd7a6d3770,
0x000001cd7a6d71f0, 0x000001cd7a6d4610, 0x000001cd7a6d28d0, 0x000001cd7a6d4d60,
0x000001cd7a6d9680, 0x000001cd7a6d3ec0, 0x000001cd7a6d3020, 0x000001cd7a6d8090,
0x000001cd7a6d87e0, 0x000001cd7a6d54b0, 0x000001cd7a6d8f30, 0x000001cd7bd267d0,
0x000001cd7bd22d50, 0x000001cd7bd26f20, 0x000001cd7bd28510, 0x000001cd7bd27670,
0x000001cd7bd293b0, 0x000001cd7bd251e0, 0x000001cd7bd24340, 0x000001cd7bd22600,
0x000001cd7bd29b00, 0x000001cd7bd27dc0, 0x000001cd7cad32a0, 0x000001cd7bd26080
}

Java Threads: ( => current thread )
  0x000001cd3493a330 JavaThread "Reference Handler"          daemon [_thread_blocked, id=10360, stack(0x000000909dd00000,0x000000909de00000) (1024K)]
  0x000001cd3493b3c0 JavaThread "Finalizer"                  daemon [_thread_blocked, id=11708, stack(0x000000909de00000,0x000000909df00000) (1024K)]
  0x000001cd34940210 JavaThread "Signal Dispatcher"          daemon [_thread_blocked, id=8008, stack(0x000000909df00000,0x000000909e000000) (1024K)]
=>0x000001cd3493fac0 JavaThread "Attach Listener"            daemon [_thread_in_native, id=16952, stack(0x000000909e000000,0x000000909e100000) (1024K)]
  0x000001cd34941800 JavaThread "Service Thread"             daemon [_thread_blocked, id=16788, stack(0x000000909e100000,0x000000909e200000) (1024K)]
  0x000001cd349410b0 JavaThread "Monitor Deflation Thread"   daemon [_thread_blocked, id=6008, stack(0x000000909e200000,0x000000909e300000) (1024K)]
  0x000001cd34945e30 JavaThread "C1 CompilerThread0"         daemon [_thread_blocked, id=8848, stack(0x000000909e300000,0x000000909e400000) (1024K)]
  0x000001cd34940960 JavaThread "Common-Cleaner"             daemon [_thread_blocked, id=5840, stack(0x000000909e400000,0x000000909e500000) (1024K)]
  0x000001cd3493f370 JavaThread "Monitor Ctrl-Break"         daemon [_thread_in_native, id=15128, stack(0x000000909e600000,0x000000909e700000) (1024K)]
  0x000001cd34941f50 JavaThread "Notification Thread"        daemon [_thread_blocked, id=7548, stack(0x000000909e700000,0x000000909e800000) (1024K)]
  0x000001cd3493ec20 JavaThread "RMI TCP Accept-0"           daemon [_thread_in_native, id=14292, stack(0x000000909e900000,0x000000909ea00000) (1024K)]
  0x000001cd7a6d3770 JavaThread "RMI TCP Connection(1)-192.168.56.1" daemon [_thread_in_native, id=1648, stack(0x000000909ea00000,0x000000909eb00000) (1024K)]
  0x000001cd7a6d71f0 JavaThread "RMI Scheduler(0)"           daemon [_thread_blocked, id=15768, stack(0x000000909eb00000,0x000000909ec00000) (1024K)]
  0x000001cd7a6d4610 JavaThread "JMX server connection timeout 29" daemon [_thread_blocked, id=7376, stack(0x000000909ec00000,0x000000909ed00000) (1024K)]
  0x000001cd7a6d28d0 JavaThread "RMI TCP Connection(2)-192.168.56.1" daemon [_thread_in_native, id=15060, stack(0x000000909ed00000,0x000000909ee00000) (1024K)]
  0x000001cd7a6d4d60 JavaThread "Catalina-utility-1"                [_thread_blocked, id=10840, stack(0x000000909f100000,0x000000909f200000) (1024K)]
  0x000001cd7a6d9680 JavaThread "Catalina-utility-2"                [_thread_blocked, id=5272, stack(0x000000909f200000,0x000000909f300000) (1024K)]
  0x000001cd7a6d3ec0 JavaThread "container-0"                       [_thread_blocked, id=14324, stack(0x000000909f300000,0x000000909f400000) (1024K)]
  0x000001cd7a6d3020 JavaThread "HikariPool-1:housekeeper"   daemon [_thread_blocked, id=5308, stack(0x000000909e800000,0x000000909e900000) (1024K)]
  0x000001cd7a6d8090 JavaThread "RMI TCP Connection(3)-192.168.56.1" daemon [_thread_in_native, id=6308, stack(0x000000909e500000,0x000000909e600000) (1024K)]
  0x000001cd7a6d87e0 JavaThread "http-nio-8080-exec-1"       daemon [_thread_blocked, id=16472, stack(0x000000909f400000,0x000000909f500000) (1024K)]
  0x000001cd7a6d54b0 JavaThread "http-nio-8080-exec-2"       daemon [_thread_blocked, id=5896, stack(0x000000909f700000,0x000000909f800000) (1024K)]
  0x000001cd7a6d8f30 JavaThread "http-nio-8080-exec-3"       daemon [_thread_blocked, id=11088, stack(0x000000909f800000,0x000000909f900000) (1024K)]
  0x000001cd7bd267d0 JavaThread "http-nio-8080-exec-4"       daemon [_thread_blocked, id=13068, stack(0x000000909f900000,0x000000909fa00000) (1024K)]
  0x000001cd7bd22d50 JavaThread "http-nio-8080-exec-5"       daemon [_thread_blocked, id=4636, stack(0x000000909fa00000,0x000000909fb00000) (1024K)]
  0x000001cd7bd26f20 JavaThread "http-nio-8080-exec-6"       daemon [_thread_blocked, id=1776, stack(0x000000909fb00000,0x000000909fc00000) (1024K)]
  0x000001cd7bd28510 JavaThread "http-nio-8080-exec-7"       daemon [_thread_blocked, id=5100, stack(0x000000909fc00000,0x000000909fd00000) (1024K)]
  0x000001cd7bd27670 JavaThread "http-nio-8080-exec-8"       daemon [_thread_blocked, id=12228, stack(0x000000909fd00000,0x000000909fe00000) (1024K)]
  0x000001cd7bd293b0 JavaThread "http-nio-8080-exec-9"       daemon [_thread_blocked, id=8784, stack(0x000000909fe00000,0x000000909ff00000) (1024K)]
  0x000001cd7bd251e0 JavaThread "http-nio-8080-exec-10"      daemon [_thread_blocked, id=11648, stack(0x000000909ff00000,0x00000090a0000000) (1024K)]
  0x000001cd7bd24340 JavaThread "http-nio-8080-Poller"       daemon [_thread_in_native, id=8600, stack(0x00000090a0000000,0x00000090a0100000) (1024K)]
  0x000001cd7bd22600 JavaThread "http-nio-8080-Acceptor"     daemon [_thread_in_native, id=9920, stack(0x00000090a0100000,0x00000090a0200000) (1024K)]
  0x000001cd7bd29b00 JavaThread "DestroyJavaVM"                     [_thread_blocked, id=11532, stack(0x000000909d500000,0x000000909d600000) (1024K)]
  0x000001cd7bd27dc0 JavaThread "JFR Recorder Thread"        daemon [_thread_in_native, id=7632, stack(0x000000909d200000,0x000000909d300000) (1024K)]
  0x000001cd7cad32a0 JavaThread "C1 CompilerThread1"         daemon [_thread_blocked, id=16060, stack(0x000000909d300000,0x000000909d400000) (1024K)]
  0x000001cd7bd26080 JavaThread "JFR Periodic Tasks"         daemon [_thread_blocked, id=16024, stack(0x000000909d400000,0x000000909d500000) (1024K)]
Total: 36

Other Threads:
  0x000001cd34929fa0 VMThread "VM Thread"                           [id=7540, stack(0x000000909dc00000,0x000000909dd00000) (1024K)]
  0x000001cd3491ebe0 WatcherThread "VM Periodic Task Thread"        [id=9408, stack(0x000000909db00000,0x000000909dc00000) (1024K)]
  0x000001cd238a1c10 WorkerThread "GC Thread#0"                     [id=6960, stack(0x000000909d600000,0x000000909d700000) (1024K)]
  0x000001cd7a7dc4b0 WorkerThread "GC Thread#1"                     [id=13472, stack(0x000000909ee00000,0x000000909ef00000) (1024K)]
  0x000001cd7ab47ea0 WorkerThread "GC Thread#2"                     [id=8060, stack(0x000000909ef00000,0x000000909f000000) (1024K)]
  0x000001cd7ab48250 WorkerThread "GC Thread#3"                     [id=14128, stack(0x000000909f000000,0x000000909f100000) (1024K)]
  0x000001cd238ad6c0 ConcurrentGCThread "G1 Main Marker"            [id=9248, stack(0x000000909d700000,0x000000909d800000) (1024K)]
  0x000001cd238b0980 WorkerThread "G1 Conc#0"                       [id=544, stack(0x000000909d800000,0x000000909d900000) (1024K)]
  0x000001cd347f24c0 ConcurrentGCThread "G1 Refine#0"               [id=14756, stack(0x000000909d900000,0x000000909da00000) (1024K)]
  0x000001cd2391ae40 ConcurrentGCThread "G1 Service"                [id=9948, stack(0x000000909da00000,0x000000909db00000) (1024K)]
Total: 10

Threads with active compile tasks:
Total: 0

VM state: not at safepoint (normal execution)

VM Mutex/Monitor currently owned by a thread: None

Heap address: 0x00000000c2e00000, size: 978 MB, Compressed Oops mode: 32-bit

CDS archive(s) mapped at: [0x000001cd35000000-0x000001cd35d40000-0x000001cd35d40000), size 13893632, SharedBaseAddress: 0x000001cd35000000, ArchiveRelocationMode: 1.
Compressed class space mapped at: 0x000001cd36000000-0x000001cd76000000, reserved size: 1073741824
UseCompressedClassPointers 1, UseCompactObjectHeaders 0
Narrow klass pointer bits 32, Max shift 3
Narrow klass base: 0x000001cd35000000, Narrow klass shift: 0
Encoding Range: [0x000001cd35000000 - 0x000001ce35000000), (4294967296 bytes)
Klass Range:    [0x000001cd35000000 - 0x000001cd76000000), (1090519040 bytes)
Klass ID Range:  [8 - 1090519033) (1090519025)

GC Precious Log:
 CardTable entry size: 512
 Card Set container configuration: InlinePtr #cards 5 size 8 Array Of Cards #cards 10 size 36 Howl #buckets 4 coarsen threshold 1843 Howl Bitmap #cards 512 size 80 coarsen threshold 460 Card regions per heap region 1 cards per card region 2048
 CPUs: 4 total, 4 available
 Memory: 3911M
 Large Page Support: Disabled
 NUMA Support: Disabled
 Compressed Oops: Enabled (32-bit)
 Heap Region Size: 1M
 Heap Min Capacity: 8M
 Heap Initial Capacity: 62M
 Heap Max Capacity: 978M
 Pre-touch: Disabled
 Parallel Workers: 4
 Concurrent Workers: 1
 Concurrent Refinement Workers: 4
 Periodic GC: Disabled

Heap:
 garbage-first heap   total reserved 1001472K, committed 58368K, used 43642K [0x00000000c2e00000, 0x0000000100000000)
  region size 1024K, 15 young (15360K), 2 survivors (2048K)
 Metaspace       used 65441K, committed 66048K, reserved 1114112K
  class space    used 7469K, committed 7680K, reserved 1048576K

Heap Regions: E=young(eden), S=young(survivor), O=old, HS=humongous(starts), HC=humongous(continues), CS=collection set, F=free, TAMS=top-at-mark-start, PB=parsable bottom
|   0|0x00000000c2e00000, 0x00000000c2f00000, 0x00000000c2f00000|100%|HS|  |TAMS 0x00000000c2e00000| PB 0x00000000c2e00000| Complete |  0
|   1|0x00000000c2f00000, 0x00000000c3000000, 0x00000000c3000000|100%|HS|  |TAMS 0x00000000c2f00000| PB 0x00000000c2f00000| Complete |  0
|   2|0x00000000c3000000, 0x00000000c3100000, 0x00000000c3100000|100%| O|  |TAMS 0x00000000c3000000| PB 0x00000000c3000000| Untracked |  0
|   3|0x00000000c3100000, 0x00000000c3200000, 0x00000000c3200000|100%| O|  |TAMS 0x00000000c3100000| PB 0x00000000c3100000| Untracked |  0
|   4|0x00000000c3200000, 0x00000000c3300000, 0x00000000c3300000|100%| O|  |TAMS 0x00000000c3200000| PB 0x00000000c3200000| Untracked |  0
|   5|0x00000000c3300000, 0x00000000c3400000, 0x00000000c3400000|100%| O|  |TAMS 0x00000000c3300000| PB 0x00000000c3300000| Untracked |  0
|   6|0x00000000c3400000, 0x00000000c3500000, 0x00000000c3500000|100%| O|  |TAMS 0x00000000c3400000| PB 0x00000000c3400000| Untracked |  0
|   7|0x00000000c3500000, 0x00000000c3600000, 0x00000000c3600000|100%| O|  |TAMS 0x00000000c3500000| PB 0x00000000c3500000| Untracked |  0
|   8|0x00000000c3600000, 0x00000000c3700000, 0x00000000c3700000|100%| O|  |TAMS 0x00000000c3600000| PB 0x00000000c3600000| Untracked |  0
|   9|0x00000000c3700000, 0x00000000c37de450, 0x00000000c3800000| 86%| O|  |TAMS 0x00000000c3700000| PB 0x00000000c3700000| Untracked |  0
|  10|0x00000000c3800000, 0x00000000c3900000, 0x00000000c3900000|100%| O|  |TAMS 0x00000000c3800000| PB 0x00000000c3800000| Untracked |  0
|  11|0x00000000c3900000, 0x00000000c3a00000, 0x00000000c3a00000|100%| O|  |TAMS 0x00000000c3900000| PB 0x00000000c3900000| Untracked |  0
|  12|0x00000000c3a00000, 0x00000000c3b00000, 0x00000000c3b00000|100%| O|  |TAMS 0x00000000c3a00000| PB 0x00000000c3a00000| Untracked |  0
|  13|0x00000000c3b00000, 0x00000000c3c00000, 0x00000000c3c00000|100%| O|  |TAMS 0x00000000c3b00000| PB 0x00000000c3b00000| Untracked |  0
|  14|0x00000000c3c00000, 0x00000000c3d00000, 0x00000000c3d00000|100%| O|  |TAMS 0x00000000c3c00000| PB 0x00000000c3c00000| Untracked |  0
|  15|0x00000000c3d00000, 0x00000000c3e00000, 0x00000000c3e00000|100%| O|  |TAMS 0x00000000c3d00000| PB 0x00000000c3d00000| Untracked |  0
|  16|0x00000000c3e00000, 0x00000000c3f00000, 0x00000000c3f00000|100%| O|  |TAMS 0x00000000c3e00000| PB 0x00000000c3e00000| Untracked |  0
|  17|0x00000000c3f00000, 0x00000000c4000000, 0x00000000c4000000|100%| O|  |TAMS 0x00000000c3f00000| PB 0x00000000c3f00000| Untracked |  0
|  18|0x00000000c4000000, 0x00000000c4000000, 0x00000000c4100000|  0%| F|  |TAMS 0x00000000c4000000| PB 0x00000000c4000000| Untracked |  0
|  19|0x00000000c4100000, 0x00000000c4200000, 0x00000000c4200000|100%| O|  |TAMS 0x00000000c4100000| PB 0x00000000c4100000| Untracked |  0
|  20|0x00000000c4200000, 0x00000000c4300000, 0x00000000c4300000|100%| O|  |TAMS 0x00000000c4200000| PB 0x00000000c4200000| Untracked |  0
|  21|0x00000000c4300000, 0x00000000c4400000, 0x00000000c4400000|100%| O|  |TAMS 0x00000000c4300000| PB 0x00000000c4300000| Untracked |  0
|  22|0x00000000c4400000, 0x00000000c4500000, 0x00000000c4500000|100%| O|  |TAMS 0x00000000c4400000| PB 0x00000000c4400000| Untracked |  0
|  23|0x00000000c4500000, 0x00000000c4600000, 0x00000000c4600000|100%| O|  |TAMS 0x00000000c4500000| PB 0x00000000c4500000| Untracked |  0
|  24|0x00000000c4600000, 0x00000000c4700000, 0x00000000c4700000|100%| O|  |TAMS 0x00000000c4600000| PB 0x00000000c4600000| Untracked |  0
|  25|0x00000000c4700000, 0x00000000c4800000, 0x00000000c4800000|100%| O|  |TAMS 0x00000000c4700000| PB 0x00000000c4700000| Untracked |  0
|  26|0x00000000c4800000, 0x00000000c4900000, 0x00000000c4900000|100%| O|  |TAMS 0x00000000c4800000| PB 0x00000000c4800000| Untracked |  0
|  27|0x00000000c4900000, 0x00000000c4900000, 0x00000000c4a00000|  0%| F|  |TAMS 0x00000000c4900000| PB 0x00000000c4900000| Untracked |  0
|  28|0x00000000c4a00000, 0x00000000c4a00000, 0x00000000c4b00000|  0%| F|  |TAMS 0x00000000c4a00000| PB 0x00000000c4a00000| Untracked |  0
|  29|0x00000000c4b00000, 0x00000000c4b00000, 0x00000000c4c00000|  0%| F|  |TAMS 0x00000000c4b00000| PB 0x00000000c4b00000| Untracked |  0
|  30|0x00000000c4c00000, 0x00000000c4c00000, 0x00000000c4d00000|  0%| F|  |TAMS 0x00000000c4c00000| PB 0x00000000c4c00000| Untracked |  0
|  31|0x00000000c4d00000, 0x00000000c4e00000, 0x00000000c4e00000|100%| O|  |TAMS 0x00000000c4d00000| PB 0x00000000c4d00000| Untracked |  0
|  32|0x00000000c4e00000, 0x00000000c4ef4b00, 0x00000000c4f00000| 95%| O|  |TAMS 0x00000000c4e00000| PB 0x00000000c4e00000| Untracked |  0
|  33|0x00000000c4f00000, 0x00000000c4f00000, 0x00000000c5000000|  0%| F|  |TAMS 0x00000000c4f00000| PB 0x00000000c4f00000| Untracked |  0
|  34|0x00000000c5000000, 0x00000000c5000000, 0x00000000c5100000|  0%| F|  |TAMS 0x00000000c5000000| PB 0x00000000c5000000| Untracked |  0
|  35|0x00000000c5100000, 0x00000000c5100000, 0x00000000c5200000|  0%| F|  |TAMS 0x00000000c5100000| PB 0x00000000c5100000| Untracked |  0
|  36|0x00000000c5200000, 0x00000000c52cbc98, 0x00000000c5300000| 79%| S|CS|TAMS 0x00000000c5200000| PB 0x00000000c5200000| Complete |  0
|  37|0x00000000c5300000, 0x00000000c5400000, 0x00000000c5400000|100%| S|CS|TAMS 0x00000000c5300000| PB 0x00000000c5300000| Complete |  0
|  38|0x00000000c5400000, 0x00000000c5400000, 0x00000000c5500000|  0%| F|  |TAMS 0x00000000c5400000| PB 0x00000000c5400000| Untracked |  0
|  39|0x00000000c5500000, 0x00000000c5500000, 0x00000000c5600000|  0%| F|  |TAMS 0x00000000c5500000| PB 0x00000000c5500000| Untracked |  0
|  40|0x00000000c5600000, 0x00000000c5600000, 0x00000000c5700000|  0%| F|  |TAMS 0x00000000c5600000| PB 0x00000000c5600000| Untracked |  0
|  41|0x00000000c5700000, 0x00000000c5700000, 0x00000000c5800000|  0%| F|  |TAMS 0x00000000c5700000| PB 0x00000000c5700000| Untracked |  0
|  42|0x00000000c5800000, 0x00000000c5800000, 0x00000000c5900000|  0%| F|  |TAMS 0x00000000c5800000| PB 0x00000000c5800000| Untracked |  0
|  43|0x00000000c5900000, 0x00000000c5904fe8, 0x00000000c5a00000|  1%| E|  |TAMS 0x00000000c5900000| PB 0x00000000c5900000| Complete |  0
|  44|0x00000000c5a00000, 0x00000000c5b00000, 0x00000000c5b00000|100%| E|CS|TAMS 0x00000000c5a00000| PB 0x00000000c5a00000| Complete |  0
|  45|0x00000000c5b00000, 0x00000000c5c00000, 0x00000000c5c00000|100%| E|CS|TAMS 0x00000000c5b00000| PB 0x00000000c5b00000| Complete |  0
|  46|0x00000000c5c00000, 0x00000000c5d00000, 0x00000000c5d00000|100%| E|CS|TAMS 0x00000000c5c00000| PB 0x00000000c5c00000| Complete |  0
|  47|0x00000000c5d00000, 0x00000000c5e00000, 0x00000000c5e00000|100%| E|CS|TAMS 0x00000000c5d00000| PB 0x00000000c5d00000| Complete |  0
|  48|0x00000000c5e00000, 0x00000000c5f00000, 0x00000000c5f00000|100%| E|CS|TAMS 0x00000000c5e00000| PB 0x00000000c5e00000| Complete |  0
|  49|0x00000000c5f00000, 0x00000000c6000000, 0x00000000c6000000|100%| E|CS|TAMS 0x00000000c5f00000| PB 0x00000000c5f00000| Complete |  0
|  50|0x00000000c6000000, 0x00000000c6100000, 0x00000000c6100000|100%| E|CS|TAMS 0x00000000c6000000| PB 0x00000000c6000000| Complete |  0
|  51|0x00000000c6100000, 0x00000000c6200000, 0x00000000c6200000|100%| E|CS|TAMS 0x00000000c6100000| PB 0x00000000c6100000| Complete |  0
|  52|0x00000000c6200000, 0x00000000c6300000, 0x00000000c6300000|100%| E|CS|TAMS 0x00000000c6200000| PB 0x00000000c6200000| Complete |  0
|  53|0x00000000c6300000, 0x00000000c6400000, 0x00000000c6400000|100%| E|CS|TAMS 0x00000000c6300000| PB 0x00000000c6300000| Complete |  0
|  61|0x00000000c6b00000, 0x00000000c6c00000, 0x00000000c6c00000|100%| E|CS|TAMS 0x00000000c6b00000| PB 0x00000000c6b00000| Complete |  0
| 976|0x00000000ffe00000, 0x00000000fff00000, 0x00000000fff00000|100%| O|  |TAMS 0x00000000ffe00000| PB 0x00000000ffe00000| Untracked |  0
| 977|0x00000000fff00000, 0x0000000100000000, 0x0000000100000000|100%| E|CS|TAMS 0x00000000fff00000| PB 0x00000000fff00000| Complete |  0

Card table byte_map: [0x000001cd31220000,0x000001cd31410000] _byte_map_base: 0x000001cd30c09000

Marking Bits: (CMBitMap*) 0x000001cd238a2320
 Bits: [0x000001cd31410000, 0x000001cd32358000)

Polling page: 0x000001cd23930000

Metaspace:

Usage:
  Non-class:     56.61 MB used.
      Class:      7.29 MB used.
       Both:     63.91 MB used.

Virtual space:
  Non-class space:       64.00 MB reserved,      57.00 MB ( 89%) committed,  1 nodes.
      Class space:        1.00 GB reserved,       7.50 MB ( <1%) committed,  1 nodes.
             Both:        1.06 GB reserved,      64.50 MB (  6%) committed. 

Chunk freelists:
   Non-Class:  6.61 MB
       Class:  8.52 MB
        Both:  15.13 MB

MaxMetaspaceSize: unlimited
CompressedClassSpaceSize: 1.00 GB
Initial GC threshold: 21.00 MB
Current GC threshold: 98.88 MB
CDS: on
 - commit_granule_bytes: 65536.
 - commit_granule_words: 8192.
 - virtual_space_node_default_size: 8388608.
 - enlarge_chunks_in_place: 1.
UseCompressedClassPointers 1, UseCompactObjectHeaders 0
Narrow klass pointer bits 32, Max shift 3
Narrow klass base: 0x000001cd35000000, Narrow klass shift: 0
Encoding Range: [0x000001cd35000000 - 0x000001ce35000000), (4294967296 bytes)
Klass Range:    [0x000001cd35000000 - 0x000001cd76000000), (1090519040 bytes)
Klass ID Range:  [8 - 1090519033) (1090519025)


Internal statistics:

num_allocs_failed_limit: 9.
num_arena_births: 800.
num_arena_deaths: 46.
num_vsnodes_births: 2.
num_vsnodes_deaths: 0.
num_space_committed: 1032.
num_space_uncommitted: 0.
num_chunks_returned_to_freelist: 66.
num_chunks_taken_from_freelist: 3103.
num_chunk_merges: 20.
num_chunk_splits: 2261.
num_chunks_enlarged: 1820.
num_inconsistent_stats: 0.

CodeCache: size=49152Kb used=9308Kb max_used=9308Kb free=39843Kb
 bounds [0x000001cd2db90000, 0x000001cd2e510000, 0x000001cd30b90000]
 total_blobs=6885, nmethods=6176, adapters=635, full_count=0
Compilation: enabled, stopped_count=0, restarted_count=0

Compilation events (20 events):
Event: 67.721 Thread 0x000001cd7cad32a0 6246       1       jdk.jfr.internal.EventControl::getEventType (5 bytes)
Event: 67.721 Thread 0x000001cd34945e30 6247       1       jdk.jfr.internal.EventControl::getSettingsId (5 bytes)
Event: 67.721 Thread 0x000001cd7cad32a0 nmethod 6246 0x000001cd2e451a88 code [0x000001cd2e451b80, 0x000001cd2e451c48]
Event: 67.721 Thread 0x000001cd34945e30 nmethod 6247 0x000001cd2e451788 code [0x000001cd2e451880, 0x000001cd2e451948]
Event: 67.721 Thread 0x000001cd7cad32a0 6248       1       jdk.jfr.internal.EventControl::getNamedControls (5 bytes)
Event: 67.722 Thread 0x000001cd34945e30 6249       1       jdk.jfr.internal.PlatformEventType::isEnabled (5 bytes)
Event: 67.722 Thread 0x000001cd7cad32a0 nmethod 6248 0x000001cd2e451488 code [0x000001cd2e451580, 0x000001cd2e451648]
Event: 67.722 Thread 0x000001cd34945e30 nmethod 6249 0x000001cd2e451188 code [0x000001cd2e451280, 0x000001cd2e451348]
Event: 67.722 Thread 0x000001cd7cad32a0 6250   !   1       jdk.jfr.internal.Control::setValue (102 bytes)
Event: 67.722 Thread 0x000001cd34945e30 6251       1       jdk.jfr.internal.SettingsManager$InternalSetting::getValues (35 bytes)
Event: 67.723 Thread 0x000001cd34945e30 nmethod 6251 0x000001cd2e450e08 code [0x000001cd2e450f40, 0x000001cd2e451138]
Event: 67.723 Thread 0x000001cd34945e30 6252       1       jdk.jfr.internal.Control::apply (10 bytes)
Event: 67.723 Thread 0x000001cd34945e30 nmethod 6252 0x000001cd2e450b08 code [0x000001cd2e450c20, 0x000001cd2e450d30]
Event: 67.723 Thread 0x000001cd34945e30 6253       1       jdk.jfr.internal.Control::findCombine (121 bytes)
Event: 67.724 Thread 0x000001cd7cad32a0 nmethod 6250 0x000001cd2e450208 code [0x000001cd2e450400, 0x000001cd2e450a70]
Event: 67.724 Thread 0x000001cd34945e30 nmethod 6253 0x000001cd2e44f888 code [0x000001cd2e44fa40, 0x000001cd2e4501b0]
Event: 67.750 Thread 0x000001cd7cad32a0 6254       1       jdk.jfr.internal.periodic.EventTask::getEventType (5 bytes)
Event: 67.750 Thread 0x000001cd7cad32a0 nmethod 6254 0x000001cd2e44f588 code [0x000001cd2e44f680, 0x000001cd2e44f748]
Event: 67.751 Thread 0x000001cd7cad32a0 6255       1       jdk.jfr.internal.periodic.PeriodicTask::getPeriod (5 bytes)
Event: 67.751 Thread 0x000001cd7cad32a0 nmethod 6255 0x000001cd2e44f288 code [0x000001cd2e44f380, 0x000001cd2e44f448]

GC Heap History (20 events):
Event: 23.834 GC heap before
{Heap before GC invocations=5 (full 0):
 garbage-first heap   total reserved 1001472K, committed 58368K, used 45748K [0x00000000c2e00000, 0x0000000100000000)
  region size 1024K, 34 young (34816K), 5 survivors (5120K)
 Metaspace       used 24479K, committed 24832K, reserved 1114112K
  class space    used 2693K, committed 2816K, reserved 1048576K
}
Event: 23.877 GC heap after
{Heap after GC invocations=6 (full 0):
 garbage-first heap   total reserved 1001472K, committed 58368K, used 17669K [0x00000000c2e00000, 0x0000000100000000)
  region size 1024K, 4 young (4096K), 4 survivors (4096K)
 Metaspace       used 24479K, committed 24832K, reserved 1114112K
  class space    used 2693K, committed 2816K, reserved 1048576K
}
Event: 27.752 GC heap before
{Heap before GC invocations=6 (full 0):
 garbage-first heap   total reserved 1001472K, committed 58368K, used 43269K [0x00000000c2e00000, 0x0000000100000000)
  region size 1024K, 29 young (29696K), 4 survivors (4096K)
 Metaspace       used 28091K, committed 28544K, reserved 1114112K
  class space    used 3183K, committed 3392K, reserved 1048576K
}
Event: 27.782 GC heap after
{Heap after GC invocations=7 (full 0):
 garbage-first heap   total reserved 1001472K, committed 58368K, used 20068K [0x00000000c2e00000, 0x0000000100000000)
  region size 1024K, 3 young (3072K), 3 survivors (3072K)
 Metaspace       used 28091K, committed 28544K, reserved 1114112K
  class space    used 3183K, committed 3392K, reserved 1048576K
}
Event: 30.913 GC heap before
{Heap before GC invocations=7 (full 0):
 garbage-first heap   total reserved 1001472K, committed 58368K, used 45668K [0x00000000c2e00000, 0x0000000100000000)
  region size 1024K, 28 young (28672K), 3 survivors (3072K)
 Metaspace       used 33547K, committed 34048K, reserved 1114112K
  class space    used 3752K, committed 3968K, reserved 1048576K
}
Event: 30.929 GC heap after
{Heap after GC invocations=8 (full 0):
 garbage-first heap   total reserved 1001472K, committed 58368K, used 22269K [0x00000000c2e00000, 0x0000000100000000)
  region size 1024K, 3 young (3072K), 3 survivors (3072K)
 Metaspace       used 33547K, committed 34048K, reserved 1114112K
  class space    used 3752K, committed 3968K, reserved 1048576K
}
Event: 31.674 GC heap before
{Heap before GC invocations=8 (full 0):
 garbage-first heap   total reserved 1001472K, committed 58368K, used 30461K [0x00000000c2e00000, 0x0000000100000000)
  region size 1024K, 12 young (12288K), 3 survivors (3072K)
 Metaspace       used 35525K, committed 35968K, reserved 1114112K
  class space    used 3978K, committed 4160K, reserved 1048576K
}
Event: 31.683 GC heap after
{Heap after GC invocations=9 (full 0):
 garbage-first heap   total reserved 1001472K, committed 58368K, used 22431K [0x00000000c2e00000, 0x0000000100000000)
  region size 1024K, 3 young (3072K), 3 survivors (3072K)
 Metaspace       used 35525K, committed 35968K, reserved 1114112K
  class space    used 3978K, committed 4160K, reserved 1048576K
}
Event: 37.650 GC heap before
{Heap before GC invocations=10 (full 0):
 garbage-first heap   total reserved 1001472K, committed 58368K, used 47007K [0x00000000c2e00000, 0x0000000100000000)
  region size 1024K, 28 young (28672K), 3 survivors (3072K)
 Metaspace       used 43088K, committed 43584K, reserved 1114112K
  class space    used 4793K, committed 4992K, reserved 1048576K
}
Event: 37.658 GC heap after
{Heap after GC invocations=11 (full 0):
 garbage-first heap   total reserved 1001472K, committed 58368K, used 24751K [0x00000000c2e00000, 0x0000000100000000)
  region size 1024K, 3 young (3072K), 3 survivors (3072K)
 Metaspace       used 43088K, committed 43584K, reserved 1114112K
  class space    used 4793K, committed 4992K, reserved 1048576K
}
Event: 39.713 GC heap before
{Heap before GC invocations=11 (full 0):
 garbage-first heap   total reserved 1001472K, committed 58368K, used 48303K [0x00000000c2e00000, 0x0000000100000000)
  region size 1024K, 27 young (27648K), 3 survivors (3072K)
 Metaspace       used 50998K, committed 51584K, reserved 1114112K
  class space    used 5565K, committed 5824K, reserved 1048576K
}
Event: 39.730 GC heap after
{Heap after GC invocations=12 (full 0):
 garbage-first heap   total reserved 1001472K, committed 58368K, used 25326K [0x00000000c2e00000, 0x0000000100000000)
  region size 1024K, 4 young (4096K), 4 survivors (4096K)
 Metaspace       used 50998K, committed 51584K, reserved 1114112K
  class space    used 5565K, committed 5824K, reserved 1048576K
}
Event: 42.928 GC heap before
{Heap before GC invocations=12 (full 0):
 garbage-first heap   total reserved 1001472K, committed 58368K, used 48878K [0x00000000c2e00000, 0x0000000100000000)
  region size 1024K, 27 young (27648K), 4 survivors (4096K)
 Metaspace       used 56660K, committed 57280K, reserved 1114112K
  class space    used 6327K, committed 6592K, reserved 1048576K
}
Event: 42.945 GC heap after
{Heap after GC invocations=13 (full 0):
 garbage-first heap   total reserved 1001472K, committed 58368K, used 26744K [0x00000000c2e00000, 0x0000000100000000)
  region size 1024K, 3 young (3072K), 3 survivors (3072K)
 Metaspace       used 56660K, committed 57280K, reserved 1114112K
  class space    used 6327K, committed 6592K, reserved 1048576K
}
Event: 45.398 GC heap before
{Heap before GC invocations=13 (full 0):
 garbage-first heap   total reserved 1001472K, committed 58368K, used 45176K [0x00000000c2e00000, 0x0000000100000000)
  region size 1024K, 22 young (22528K), 3 survivors (3072K)
 Metaspace       used 59855K, committed 60416K, reserved 1114112K
  class space    used 6654K, committed 6912K, reserved 1048576K
}
Event: 45.412 GC heap after
{Heap after GC invocations=14 (full 0):
 garbage-first heap   total reserved 1001472K, committed 58368K, used 28019K [0x00000000c2e00000, 0x0000000100000000)
  region size 1024K, 3 young (3072K), 3 survivors (3072K)
 Metaspace       used 59855K, committed 60416K, reserved 1114112K
  class space    used 6654K, committed 6912K, reserved 1048576K
}
Event: 50.452 GC heap before
{Heap before GC invocations=15 (full 0):
 garbage-first heap   total reserved 1001472K, committed 58368K, used 50547K [0x00000000c2e00000, 0x0000000100000000)
  region size 1024K, 25 young (25600K), 3 survivors (3072K)
 Metaspace       used 62035K, committed 62592K, reserved 1114112K
  class space    used 7002K, committed 7232K, reserved 1048576K
}
Event: 50.470 GC heap after
{Heap after GC invocations=16 (full 0):
 garbage-first heap   total reserved 1001472K, committed 58368K, used 30316K [0x00000000c2e00000, 0x0000000100000000)
  region size 1024K, 4 young (4096K), 4 survivors (4096K)
 Metaspace       used 62035K, committed 62592K, reserved 1114112K
  class space    used 7002K, committed 7232K, reserved 1048576K
}
Event: 52.303 GC heap before
{Heap before GC invocations=16 (full 0):
 garbage-first heap   total reserved 1001472K, committed 58368K, used 48748K [0x00000000c2e00000, 0x0000000100000000)
  region size 1024K, 22 young (22528K), 4 survivors (4096K)
 Metaspace       used 64372K, committed 64960K, reserved 1114112K
  class space    used 7321K, committed 7552K, reserved 1048576K
}
Event: 52.327 GC heap after
{Heap after GC invocations=17 (full 0):
 garbage-first heap   total reserved 1001472K, committed 58368K, used 31354K [0x00000000c2e00000, 0x0000000100000000)
  region size 1024K, 2 young (2048K), 2 survivors (2048K)
 Metaspace       used 64372K, committed 64960K, reserved 1114112K
  class space    used 7321K, committed 7552K, reserved 1048576K
}

Dll operation events (13 events):
Event: 0.169 Loaded shared library C:\Users\artur\.jdks\openjdk-24\bin\java.dll
Event: 0.978 Loaded shared library C:\Users\artur\.jdks\openjdk-24\bin\zip.dll
Event: 1.004 Loaded shared library C:\Users\artur\.jdks\openjdk-24\bin\instrument.dll
Event: 1.040 Loaded shared library C:\Users\artur\.jdks\openjdk-24\bin\net.dll
Event: 1.053 Loaded shared library C:\Users\artur\.jdks\openjdk-24\bin\nio.dll
Event: 1.070 Loaded shared library C:\Users\artur\.jdks\openjdk-24\bin\zip.dll
Event: 5.347 Loaded shared library C:\Users\artur\.jdks\openjdk-24\bin\jimage.dll
Event: 7.460 Loaded shared library C:\Users\artur\.jdks\openjdk-24\bin\management.dll
Event: 7.526 Loaded shared library C:\Users\artur\.jdks\openjdk-24\bin\management_ext.dll
Event: 7.675 Loaded shared library C:\Users\artur\.jdks\openjdk-24\bin\extnet.dll
Event: 18.278 Loaded shared library C:\Users\artur\.jdks\openjdk-24\bin\sunmscapi.dll
Event: 31.581 Loaded shared library C:\Users\artur\.jdks\openjdk-24\bin\verify.dll
Event: 66.873 Loaded shared library C:\Users\artur\AppData\Local\Temp\idea_libasyncProfiler_dll_temp_folder\libasyncProfiler.dll

Deoptimization events (8 events):
Event: 25.566 Thread 0x000001cd23869b20 DEOPT PACKING pc=0x000001cd2e2789f4 sp=0x000000909d5fbc20
Event: 25.566 Thread 0x000001cd23869b20 DEOPT UNPACKING pc=0x000001cd2dbe5783 sp=0x000000909d5fb1c8 mode 0
Event: 25.566 Thread 0x000001cd23869b20 DEOPT PACKING pc=0x000001cd2e23e944 sp=0x000000909d5fbe20
Event: 25.566 Thread 0x000001cd23869b20 DEOPT UNPACKING pc=0x000001cd2dbe5783 sp=0x000000909d5fb2e0 mode 0
Event: 33.486 Thread 0x000001cd7a6d3770 DEOPT PACKING pc=0x000001cd2e2e9a6c sp=0x000000909eafeec0
Event: 33.486 Thread 0x000001cd7a6d3770 DEOPT UNPACKING pc=0x000001cd2dbe5783 sp=0x000000909eafe3e8 mode 0
Event: 33.799 Thread 0x000001cd7a6d28d0 DEOPT PACKING pc=0x000001cd2e2e9a6c sp=0x000000909edfee10
Event: 33.799 Thread 0x000001cd7a6d28d0 DEOPT UNPACKING pc=0x000001cd2dbe5783 sp=0x000000909edfe338 mode 0

Classes loaded (20 events):
Event: 67.642 Loading class jdk/jfr/internal/MetadataWriter
Event: 67.643 Loading class jdk/jfr/internal/MetadataWriter done
Event: 67.644 Loading class jdk/jfr/internal/MetadataDescriptor$Element
Event: 67.644 Loading class jdk/jfr/internal/MetadataDescriptor$Element done
Event: 67.645 Loading class jdk/jfr/internal/MetadataDescriptor$Attribute
Event: 67.646 Loading class jdk/jfr/internal/MetadataDescriptor$Attribute done
Event: 67.671 Loading class jdk/jfr/internal/consumer/StringParser$Encoding
Event: 67.671 Loading class jdk/jfr/internal/consumer/StringParser$Encoding done
Event: 67.696 Loading class jdk/jfr/internal/consumer/RepositoryFiles
Event: 67.698 Loading class jdk/jfr/internal/consumer/RepositoryFiles done
Event: 67.710 Loading class jdk/jfr/internal/SettingsManager$InternalSetting
Event: 67.710 Loading class jdk/jfr/internal/SettingsManager$InternalSetting done
Event: 67.715 Loading class jdk/jfr/internal/util/Rate
Event: 67.715 Loading class jdk/jfr/internal/util/Rate done
Event: 67.716 Loading class jdk/jfr/internal/util/TimespanUnit
Event: 67.716 Loading class jdk/jfr/internal/util/TimespanUnit done
Event: 67.717 Loading class jdk/jfr/internal/util/ValueParser
Event: 67.718 Loading class jdk/jfr/internal/util/ValueParser done
Event: 67.723 Loading class jdk/jfr/internal/periodic/PeriodicType
Event: 67.724 Loading class jdk/jfr/internal/periodic/PeriodicType done

Classes unloaded (20 events):
Event: 45.540 Thread 0x000001cd34929fa0 Unloading class 0x000001cd3613d000 'java/lang/invoke/LambdaForm$DMH+0x000001cd3613d000'
Event: 45.540 Thread 0x000001cd34929fa0 Unloading class 0x000001cd3613c000 'java/lang/invoke/LambdaForm$DMH+0x000001cd3613c000'
Event: 45.540 Thread 0x000001cd34929fa0 Unloading class 0x000001cd36114000 'java/lang/invoke/LambdaForm$DMH+0x000001cd36114000'
Event: 45.540 Thread 0x000001cd34929fa0 Unloading class 0x000001cd3609f400 'java/lang/invoke/LambdaForm$MH+0x000001cd3609f400'
Event: 45.540 Thread 0x000001cd34929fa0 Unloading class 0x000001cd3609f000 'java/lang/invoke/LambdaForm$BMH+0x000001cd3609f000'
Event: 45.541 Thread 0x000001cd34929fa0 Unloading class 0x000001cd36092800 'java/lang/invoke/LambdaForm$MH+0x000001cd36092800'
Event: 45.541 Thread 0x000001cd34929fa0 Unloading class 0x000001cd36090c00 'java/lang/invoke/LambdaForm$MH+0x000001cd36090c00'
Event: 45.541 Thread 0x000001cd34929fa0 Unloading class 0x000001cd36090400 'java/lang/invoke/LambdaForm$MH+0x000001cd36090400'
Event: 45.541 Thread 0x000001cd34929fa0 Unloading class 0x000001cd36090000 'java/lang/invoke/LambdaForm$MH+0x000001cd36090000'
Event: 45.541 Thread 0x000001cd34929fa0 Unloading class 0x000001cd3608bc00 'java/lang/invoke/LambdaForm$MH+0x000001cd3608bc00'
Event: 45.541 Thread 0x000001cd34929fa0 Unloading class 0x000001cd3608b800 'java/lang/invoke/LambdaForm$BMH+0x000001cd3608b800'
Event: 45.541 Thread 0x000001cd34929fa0 Unloading class 0x000001cd36085800 'java/lang/invoke/LambdaForm$BMH+0x000001cd36085800'
Event: 45.541 Thread 0x000001cd34929fa0 Unloading class 0x000001cd36007c00 'java/lang/invoke/LambdaForm$DMH+0x000001cd36007c00'
Event: 45.541 Thread 0x000001cd34929fa0 Unloading class 0x000001cd36007400 'java/lang/invoke/LambdaForm$DMH+0x000001cd36007400'
Event: 45.541 Thread 0x000001cd34929fa0 Unloading class 0x000001cd36007000 'java/lang/invoke/LambdaForm$DMH+0x000001cd36007000'
Event: 45.541 Thread 0x000001cd34929fa0 Unloading class 0x000001cd36006c00 'java/lang/invoke/LambdaForm$DMH+0x000001cd36006c00'
Event: 45.541 Thread 0x000001cd34929fa0 Unloading class 0x000001cd36003800 'java/lang/invoke/LambdaForm$MH+0x000001cd36003800'
Event: 45.541 Thread 0x000001cd34929fa0 Unloading class 0x000001cd36003400 'java/lang/invoke/LambdaForm$MH+0x000001cd36003400'
Event: 45.541 Thread 0x000001cd34929fa0 Unloading class 0x000001cd36003000 'java/lang/invoke/LambdaForm$MH+0x000001cd36003000'
Event: 45.541 Thread 0x000001cd34929fa0 Unloading class 0x000001cd36002800 'java/lang/invoke/LambdaForm$MH+0x000001cd36002800'

Classes redefined (0 events):
No events

Internal exceptions (20 events):
Event: 42.805 Thread 0x000001cd23869b20 Exception <a 'java/lang/NoSuchMethodError'{0x00000000c4f9fdc8}: 'void java.lang.invoke.Invokers$Holder.invokeExact_MT(java.lang.Object, java.lang.Object, java.lang.Object, java.lang.Object)'> (0x00000000c4f9fdc8) 
thrown [s\open\src\hotspot\share\interpreter\linkResolver.cpp, line 805]
Event: 43.631 Thread 0x000001cd23869b20 Exception <a 'java/lang/IncompatibleClassChangeError'{0x00000000c62a8970}: Found class java.lang.Object, but interface was expected> (0x00000000c62a8970) 
thrown [s\open\src\hotspot\share\interpreter\linkResolver.cpp, line 872]
Event: 43.930 Thread 0x000001cd23869b20 Exception <a 'java/lang/IncompatibleClassChangeError'{0x00000000c604bac0}: Found class java.lang.Object, but interface was expected> (0x00000000c604bac0) 
thrown [s\open\src\hotspot\share\interpreter\linkResolver.cpp, line 872]
Event: 44.740 Thread 0x000001cd23869b20 Exception <a 'java/lang/IncompatibleClassChangeError'{0x00000000c5ad6648}: Found class java.lang.Object, but interface was expected> (0x00000000c5ad6648) 
thrown [s\open\src\hotspot\share\interpreter\linkResolver.cpp, line 872]
Event: 45.303 Thread 0x000001cd23869b20 Exception <a 'java/lang/IncompatibleClassChangeError'{0x00000000c54b3b08}: Found class java.lang.Object, but interface was expected> (0x00000000c54b3b08) 
thrown [s\open\src\hotspot\share\interpreter\linkResolver.cpp, line 872]
Event: 45.306 Thread 0x000001cd23869b20 Exception <a 'java/lang/IncompatibleClassChangeError'{0x00000000c54c3c10}: Found class java.lang.Object, but interface was expected> (0x00000000c54c3c10) 
thrown [s\open\src\hotspot\share\interpreter\linkResolver.cpp, line 872]
Event: 45.537 Thread 0x000001cd23869b20 Exception <a 'java/lang/NoSuchMethodError'{0x00000000fffebe68}: 'java.lang.Object java.lang.invoke.DirectMethodHandle$Holder.invokeStatic(java.lang.Object, int, java.lang.Object)'> (0x00000000fffebe68) 
thrown [s\open\src\hotspot\share\interpreter\linkResolver.cpp, line 805]
Event: 45.733 Thread 0x000001cd23869b20 Exception <a 'java/lang/NoSuchMethodError'{0x00000000c638dab0}: 'void java.lang.invoke.DelegatingMethodHandle$Holder.reinvoke_L(java.lang.Object, java.lang.Object, long)'> (0x00000000c638dab0) 
thrown [s\open\src\hotspot\share\interpreter\linkResolver.cpp, line 805]
Event: 46.167 Thread 0x000001cd23869b20 Exception <a 'java/lang/NoSuchMethodError'{0x00000000c5e552c8}: 'java.lang.Object java.lang.invoke.DirectMethodHandle$Holder.newInvokeSpecial(java.lang.Object, java.lang.Object, java.lang.Object, java.lang.Object, java.lang.Object, java.lang.Object, java.lang.Object, java.lang.Object)'> (0x00000000c5e552c8) 
thrown [s\open\src\hotspot\share\interpreter\linkResolver.cpp, line 805]
Event: 46.340 Thread 0x000001cd23869b20 Exception <a 'java/io/IOException'{0x00000000c5c7b048}> (0x00000000c5c7b048) 
thrown [s\open\src\hotspot\share\prims\jni.cpp, line 518]
Event: 48.496 Thread 0x000001cd23869b20 Exception <a 'java/lang/IncompatibleClassChangeError'{0x00000000c54806a8}: Found class java.lang.Object, but interface was expected> (0x00000000c54806a8) 
thrown [s\open\src\hotspot\share\interpreter\linkResolver.cpp, line 872]
Event: 51.335 Thread 0x000001cd23869b20 Exception <a 'java/lang/NoSuchMethodError'{0x00000000c5ddb300}: 'int java.lang.invoke.DirectMethodHandle$Holder.invokeStaticInit(java.lang.Object, java.lang.Object, java.lang.Object, java.lang.Object)'> (0x00000000c5ddb300) 
thrown [s\open\src\hotspot\share\interpreter\linkResolver.cpp, line 805]
Event: 51.626 Thread 0x000001cd23869b20 Exception <a 'java/lang/IncompatibleClassChangeError'{0x00000000c5a6d6b8}: Found class java.lang.Object, but interface was expected> (0x00000000c5a6d6b8) 
thrown [s\open\src\hotspot\share\interpreter\linkResolver.cpp, line 872]
Event: 52.157 Thread 0x000001cd23869b20 Exception <a 'java/lang/NoSuchMethodError'{0x00000000c55a60c0}: 'java.lang.Object java.lang.invoke.DirectMethodHandle$Holder.newInvokeSpecial(java.lang.Object, java.lang.Object, int, java.lang.Object, java.lang.Object)'> (0x00000000c55a60c0) 
thrown [s\open\src\hotspot\share\interpreter\linkResolver.cpp, line 805]
Event: 52.697 Thread 0x000001cd7a6d8090 Exception <a 'java/lang/NoSuchMethodError'{0x00000000c6b00f90}: 'java.lang.Object java.lang.invoke.DirectMethodHandle$Holder.invokeInterface(java.lang.Object, java.lang.Object, java.lang.Object, java.lang.Object, java.lang.Object, java.lang.Object, java.lang.Object)'> (0x00000000c6b00f90) 
thrown [s\open\src\hotspot\share\interpreter\linkResolver.cpp, line 805]
Event: 67.580 Thread 0x000001cd3493fac0 Exception <a 'java/lang/NoSuchMethodError'{0x00000000c5d02ce8}: 'void java.lang.invoke.DirectMethodHandle$Holder.invokeSpecial(java.lang.Object, java.lang.Object, int)'> (0x00000000c5d02ce8) 
thrown [s\open\src\hotspot\share\interpreter\linkResolver.cpp, line 805]
Event: 67.588 Thread 0x000001cd3493fac0 Exception <a 'java/lang/NoSuchMethodError'{0x00000000c5d0a908}: 'void java.lang.invoke.Invokers$Holder.invokeExact_MT(java.lang.Object, int, java.lang.Object)'> (0x00000000c5d0a908) 
thrown [s\open\src\hotspot\share\interpreter\linkResolver.cpp, line 805]
Event: 67.612 Thread 0x000001cd3493fac0 Exception <a 'sun/nio/fs/WindowsException'{0x00000000c5d7a720}> (0x00000000c5d7a720) 
thrown [s\open\src\hotspot\share\prims\jni.cpp, line 518]
Event: 67.620 Thread 0x000001cd3493fac0 Exception <a 'sun/nio/fs/WindowsException'{0x00000000c5d875b8}> (0x00000000c5d875b8) 
thrown [s\open\src\hotspot\share\prims\jni.cpp, line 518]
Event: 67.634 Thread 0x000001cd3493fac0 Exception <a 'sun/nio/fs/WindowsException'{0x00000000c5d992f0}> (0x00000000c5d992f0) 
thrown [s\open\src\hotspot\share\prims\jni.cpp, line 518]

VM Operations (20 events):
Event: 47.078 Executing VM operation: HandshakeAllThreads (Deoptimize)
Event: 47.078 Executing VM operation: HandshakeAllThreads (Deoptimize) done
Event: 48.762 Executing VM operation: HandshakeAllThreads (Deoptimize)
Event: 48.762 Executing VM operation: HandshakeAllThreads (Deoptimize) done
Event: 48.966 Executing VM operation: HandshakeAllThreads (Deoptimize)
Event: 48.966 Executing VM operation: HandshakeAllThreads (Deoptimize) done
Event: 50.452 Executing VM operation: G1CollectForAllocation (G1 Evacuation Pause)
Event: 50.470 Executing VM operation: G1CollectForAllocation (G1 Evacuation Pause) done
Event: 51.225 Executing VM operation: HandshakeAllThreads (Deoptimize)
Event: 51.225 Executing VM operation: HandshakeAllThreads (Deoptimize) done
Event: 52.303 Executing VM operation: G1CollectForAllocation (G1 Evacuation Pause)
Event: 52.327 Executing VM operation: G1CollectForAllocation (G1 Evacuation Pause) done
Event: 52.711 Executing VM operation: HandshakeAllThreads (Deoptimize)
Event: 52.711 Executing VM operation: HandshakeAllThreads (Deoptimize) done
Event: 60.246 Executing VM operation: HandshakeAllThreads (HandshakeForDeflation)
Event: 60.247 Executing VM operation: HandshakeAllThreads (HandshakeForDeflation) done
Event: 60.247 Executing VM operation: RendezvousGCThreads
Event: 60.247 Executing VM operation: RendezvousGCThreads done
Event: 67.699 Executing VM operation: JFRSafepointClear
Event: 67.699 Executing VM operation: JFRSafepointClear done

Memory protections (0 events):
No events

Nmethod flushes (20 events):
Event: 45.587 Thread 0x000001cd34929fa0 flushing  nmethod 0x000001cd2e309a08
Event: 45.587 Thread 0x000001cd34929fa0 flushing  nmethod 0x000001cd2ddc8408
Event: 45.587 Thread 0x000001cd34929fa0 flushing  nmethod 0x000001cd2dfbd188
Event: 45.587 Thread 0x000001cd34929fa0 flushing  nmethod 0x000001cd2e140a88
Event: 45.587 Thread 0x000001cd34929fa0 flushing  nmethod 0x000001cd2e178d88
Event: 45.587 Thread 0x000001cd34929fa0 flushing  nmethod 0x000001cd2e1d7008
Event: 45.587 Thread 0x000001cd34929fa0 flushing  nmethod 0x000001cd2e1f7188
Event: 45.587 Thread 0x000001cd34929fa0 flushing  nmethod 0x000001cd2e1f7908
Event: 45.587 Thread 0x000001cd34929fa0 flushing  nmethod 0x000001cd2e1f8608
Event: 45.587 Thread 0x000001cd34929fa0 flushing  nmethod 0x000001cd2e241508
Event: 45.587 Thread 0x000001cd34929fa0 flushing  nmethod 0x000001cd2e241a88
Event: 45.587 Thread 0x000001cd34929fa0 flushing  nmethod 0x000001cd2e298888
Event: 45.587 Thread 0x000001cd34929fa0 flushing  nmethod 0x000001cd2e113208
Event: 45.587 Thread 0x000001cd34929fa0 flushing  nmethod 0x000001cd2e13f188
Event: 45.587 Thread 0x000001cd34929fa0 flushing  nmethod 0x000001cd2e167508
Event: 45.587 Thread 0x000001cd34929fa0 flushing  nmethod 0x000001cd2e183b88
Event: 45.587 Thread 0x000001cd34929fa0 flushing  nmethod 0x000001cd2e1d0c08
Event: 45.587 Thread 0x000001cd34929fa0 flushing  nmethod 0x000001cd2e23e608
Event: 45.587 Thread 0x000001cd34929fa0 flushing  nmethod 0x000001cd2e28f908
Event: 45.587 Thread 0x000001cd34929fa0 flushing  nmethod 0x000001cd2e292f08

Events (20 events):
Event: 52.198 Thread 0x000001cd23869b20 Thread added: 0x000001cd7bd267d0
Event: 52.198 Thread 0x000001cd23869b20 Thread added: 0x000001cd7bd22d50
Event: 52.199 Thread 0x000001cd23869b20 Thread added: 0x000001cd7bd26f20
Event: 52.199 Thread 0x000001cd23869b20 Thread added: 0x000001cd7bd28510
Event: 52.199 Thread 0x000001cd23869b20 Thread added: 0x000001cd7bd27670
Event: 52.200 Thread 0x000001cd23869b20 Thread added: 0x000001cd7bd293b0
Event: 52.200 Thread 0x000001cd23869b20 Thread added: 0x000001cd7bd251e0
Event: 52.274 Thread 0x000001cd23869b20 Thread added: 0x000001cd7bd24340
Event: 52.280 Thread 0x000001cd23869b20 Thread added: 0x000001cd7bd22600
Event: 52.387 Thread 0x000001cd23869b20 Thread exited: 0x000001cd23869b20
Event: 52.387 Thread 0x000001cd7bd29b00 Thread added: 0x000001cd7bd29b00
Event: 52.527 Thread 0x000001cd7a6d8090 Thread added: 0x000001cd7bd26080
Event: 52.629 Thread 0x000001cd7a6d8090 Thread added: 0x000001cd7bd234a0
Event: 52.633 Thread 0x000001cd7bd26080 Thread exited: 0x000001cd7bd26080
Event: 52.714 Thread 0x000001cd7bd234a0 Thread exited: 0x000001cd7bd234a0
Event: 52.814 Thread 0x000001cd7a6d8090 Thread added: 0x000001cd7bd234a0
Event: 52.855 Thread 0x000001cd7bd234a0 Thread exited: 0x000001cd7bd234a0
Event: 67.218 Thread 0x000001cd3493fac0 Thread added: 0x000001cd7bd27dc0
Event: 67.579 Thread 0x000001cd34945e30 Thread added: 0x000001cd7cad32a0
Event: 67.595 Thread 0x000001cd3493fac0 Thread added: 0x000001cd7bd26080


Dynamic libraries:
0x00007ff63c2c0000 - 0x00007ff63c2ce000 	C:\Users\artur\.jdks\openjdk-24\bin\java.exe
0x00007fff85090000 - 0x00007fff852a7000 	C:\WINDOWS\SYSTEM32\ntdll.dll
0x00007fff84370000 - 0x00007fff84434000 	C:\WINDOWS\System32\KERNEL32.DLL
0x00007fff82840000 - 0x00007fff82c12000 	C:\WINDOWS\System32\KERNELBASE.dll
0x00007fff823e0000 - 0x00007fff824f1000 	C:\WINDOWS\System32\ucrtbase.dll
0x00007fff711a0000 - 0x00007fff711bb000 	C:\Users\artur\.jdks\openjdk-24\bin\VCRUNTIME140.dll
0x00007fff71f80000 - 0x00007fff71f96000 	C:\Users\artur\.jdks\openjdk-24\bin\jli.dll
0x00007fff84de0000 - 0x00007fff84f91000 	C:\WINDOWS\System32\USER32.dll
0x00007fff823b0000 - 0x00007fff823d6000 	C:\WINDOWS\System32\win32u.dll
0x00007fff84210000 - 0x00007fff84239000 	C:\WINDOWS\System32\GDI32.dll
0x00007fff6ecc0000 - 0x00007fff6ef5b000 	C:\WINDOWS\WinSxS\amd64_microsoft.windows.common-controls_6595b64144ccf1df_6.0.22621.5697_none_27154c497380d676\COMCTL32.dll
0x00007fff82500000 - 0x00007fff82623000 	C:\WINDOWS\System32\gdi32full.dll
0x00007fff827a0000 - 0x00007fff8283a000 	C:\WINDOWS\System32\msvcp_win.dll
0x00007fff83e50000 - 0x00007fff83ef7000 	C:\WINDOWS\System32\msvcrt.dll
0x00007fff832d0000 - 0x00007fff83301000 	C:\WINDOWS\System32\IMM32.DLL
0x00007fff7cf20000 - 0x00007fff7cf2c000 	C:\Users\artur\.jdks\openjdk-24\bin\vcruntime140_1.dll
0x00007fff4ac20000 - 0x00007fff4acae000 	C:\Users\artur\.jdks\openjdk-24\bin\msvcp140.dll
0x00007fff12d00000 - 0x00007fff13aa2000 	C:\Users\artur\.jdks\openjdk-24\bin\server\jvm.dll
0x00007fff842b0000 - 0x00007fff84361000 	C:\WINDOWS\System32\ADVAPI32.dll
0x00007fff84fa0000 - 0x00007fff85048000 	C:\WINDOWS\System32\sechost.dll
0x00007fff82770000 - 0x00007fff82798000 	C:\WINDOWS\System32\bcrypt.dll
0x00007fff83310000 - 0x00007fff83427000 	C:\WINDOWS\System32\RPCRT4.dll
0x00007fff84b70000 - 0x00007fff84be1000 	C:\WINDOWS\System32\WS2_32.dll
0x00007fff81fa0000 - 0x00007fff81fed000 	C:\WINDOWS\SYSTEM32\POWRPROF.dll
0x00007fff7c110000 - 0x00007fff7c144000 	C:\WINDOWS\SYSTEM32\WINMM.dll
0x00007fff7b6a0000 - 0x00007fff7b6aa000 	C:\WINDOWS\SYSTEM32\VERSION.dll
0x00007fff81f80000 - 0x00007fff81f93000 	C:\WINDOWS\SYSTEM32\UMPDC.dll
0x00007fff81120000 - 0x00007fff81138000 	C:\WINDOWS\SYSTEM32\kernel.appcore.dll
0x00007fff7ce80000 - 0x00007fff7ce8a000 	C:\Users\artur\.jdks\openjdk-24\bin\jimage.dll
0x00007fff7fa70000 - 0x00007fff7fca3000 	C:\WINDOWS\SYSTEM32\DBGHELP.DLL
0x00007fff84440000 - 0x00007fff847d2000 	C:\WINDOWS\System32\combase.dll
0x00007fff84d00000 - 0x00007fff84dd8000 	C:\WINDOWS\System32\OLEAUT32.dll
0x00007fff6af60000 - 0x00007fff6af92000 	C:\WINDOWS\SYSTEM32\dbgcore.DLL
0x00007fff82ca0000 - 0x00007fff82d1b000 	C:\WINDOWS\System32\bcryptPrimitives.dll
0x00007fff72060000 - 0x00007fff7206f000 	C:\Users\artur\.jdks\openjdk-24\bin\instrument.dll
0x00007fff71170000 - 0x00007fff7118e000 	C:\Users\artur\.jdks\openjdk-24\bin\java.dll
0x00007fff847f0000 - 0x00007fff84990000 	C:\WINDOWS\System32\ole32.dll
0x00007fff835a0000 - 0x00007fff83e41000 	C:\WINDOWS\System32\SHELL32.dll
0x00007fff82630000 - 0x00007fff8276f000 	C:\WINDOWS\System32\wintypes.dll
0x00007fff80010000 - 0x00007fff8092a000 	C:\WINDOWS\SYSTEM32\windows.storage.dll
0x00007fff83f20000 - 0x00007fff8402b000 	C:\WINDOWS\System32\SHCORE.dll
0x00007fff841a0000 - 0x00007fff84209000 	C:\WINDOWS\System32\shlwapi.dll
0x00007fff820b0000 - 0x00007fff820db000 	C:\WINDOWS\SYSTEM32\profapi.dll
0x00007fff68d00000 - 0x00007fff68d17000 	C:\Users\artur\.jdks\openjdk-24\bin\zip.dll
0x00007fff7bc70000 - 0x00007fff7bc80000 	C:\Users\artur\.jdks\openjdk-24\bin\net.dll
0x00007fff815e0000 - 0x00007fff81649000 	C:\WINDOWS\system32\mswsock.dll
0x00007fff6c610000 - 0x00007fff6c626000 	C:\Users\artur\.jdks\openjdk-24\bin\nio.dll
0x00007fff80c00000 - 0x00007fff80cf8000 	C:\WINDOWS\SYSTEM32\DNSAPI.dll
0x00007fff80b90000 - 0x00007fff80bbd000 	C:\WINDOWS\SYSTEM32\IPHLPAPI.DLL
0x00007fff84190000 - 0x00007fff84199000 	C:\WINDOWS\System32\NSI.dll
0x00007fff746a0000 - 0x00007fff746aa000 	C:\Windows\System32\rasadhlp.dll
0x00007fff78d40000 - 0x00007fff78dc4000 	C:\WINDOWS\System32\fwpuclnt.dll
0x00007fff71fd0000 - 0x00007fff71fda000 	C:\Users\artur\.jdks\openjdk-24\bin\management.dll
0x00007fff71f50000 - 0x00007fff71f5b000 	C:\Users\artur\.jdks\openjdk-24\bin\management_ext.dll
0x00007fff83590000 - 0x00007fff83598000 	C:\WINDOWS\System32\PSAPI.DLL
0x00007fff71fe0000 - 0x00007fff71fe9000 	C:\Users\artur\.jdks\openjdk-24\bin\extnet.dll
0x00007fff81930000 - 0x00007fff8194b000 	C:\WINDOWS\SYSTEM32\CRYPTSP.dll
0x00007fff81080000 - 0x00007fff810b7000 	C:\WINDOWS\system32\rsaenh.dll
0x00007fff81680000 - 0x00007fff816a8000 	C:\WINDOWS\SYSTEM32\USERENV.dll
0x00007fff81910000 - 0x00007fff8191c000 	C:\WINDOWS\SYSTEM32\CRYPTBASE.dll
0x00007fff70650000 - 0x00007fff70667000 	C:\WINDOWS\system32\napinsp.dll
0x00007fff70630000 - 0x00007fff7064b000 	C:\WINDOWS\system32\pnrpnsp.dll
0x00007fff70600000 - 0x00007fff70621000 	C:\WINDOWS\system32\nlansp_c.dll
0x00007fff70580000 - 0x00007fff70591000 	C:\WINDOWS\System32\winrnr.dll
0x00007fff704d0000 - 0x00007fff704ef000 	C:\WINDOWS\system32\wshbth.dll
0x00007fff71ff0000 - 0x00007fff71ffe000 	C:\Users\artur\.jdks\openjdk-24\bin\sunmscapi.dll
0x00007fff82180000 - 0x00007fff822e8000 	C:\WINDOWS\System32\CRYPT32.dll
0x00007fff81a20000 - 0x00007fff81a4d000 	C:\WINDOWS\SYSTEM32\ncrypt.dll
0x00007fff819e0000 - 0x00007fff81a17000 	C:\WINDOWS\SYSTEM32\NTASN1.dll
0x00007fff71f10000 - 0x00007fff71f20000 	C:\Users\artur\.jdks\openjdk-24\bin\verify.dll
0x00007fff745d0000 - 0x00007fff745d8000 	C:\WINDOWS\system32\wshunix.dll
0x00007fff2ee30000 - 0x00007fff2f03e000 	C:\Users\artur\AppData\Local\Temp\idea_libasyncProfiler_dll_temp_folder\libasyncProfiler.dll

dbghelp: loaded successfully - version: 4.0.5 - missing functions: none
symbol engine: initialized successfully - sym options: 0x614 - pdb path: .;C:\Users\artur\.jdks\openjdk-24\bin;C:\WINDOWS\SYSTEM32;C:\WINDOWS\WinSxS\amd64_microsoft.windows.common-controls_6595b64144ccf1df_6.0.22621.5697_none_27154c497380d676;C:\Users\artur\.jdks\openjdk-24\bin\server;C:\Users\artur\AppData\Local\Temp\idea_libasyncProfiler_dll_temp_folder

VM Arguments:
jvm_args: -XX:TieredStopAtLevel=1 -Dspring.output.ansi.enabled=always -Dcom.sun.management.jmxremote -Dspring.jmx.enabled=true -Dspring.liveBeansView.mbeanDomain -Dspring.application.admin.enabled=true -Dmanagement.endpoints.jmx.exposure.include=* -javaagent:C:\Program Files\JetBrains\IntelliJ IDEA 2024.3.5\lib\idea_rt.jar=54585 -Dfile.encoding=UTF-8 -Dsun.stdout.encoding=UTF-8 -Dsun.stderr.encoding=UTF-8 
java_command: com.udb.ciberseguridad.ApiAutenticacionApplication
java_class_path (initial): C:\Users\artur\Downloads\api-autenticacion\api-autenticacion\target\classes;C:\Users\artur\.m2\repository\org\springframework\boot\spring-boot-starter-web\3.5.5\spring-boot-starter-web-3.5.5.jar;C:\Users\artur\.m2\repository\org\springframework\boot\spring-boot-starter\3.5.5\spring-boot-starter-3.5.5.jar;C:\Users\artur\.m2\repository\org\springframework\boot\spring-boot\3.5.5\spring-boot-3.5.5.jar;C:\Users\artur\.m2\repository\org\springframework\boot\spring-boot-autoconfigure\3.5.5\spring-boot-autoconfigure-3.5.5.jar;C:\Users\artur\.m2\repository\org\springframework\boot\spring-boot-starter-logging\3.5.5\spring-boot-starter-logging-3.5.5.jar;C:\Users\artur\.m2\repository\ch\qos\logback\logback-classic\1.5.18\logback-classic-1.5.18.jar;C:\Users\artur\.m2\repository\ch\qos\logback\logback-core\1.5.18\logback-core-1.5.18.jar;C:\Users\artur\.m2\repository\org\apache\logging\log4j\log4j-to-slf4j\2.24.3\log4j-to-slf4j-2.24.3.jar;C:\Users\artur\.m2\repository\org\apache\logging\log4j\log4j-api\2.24.3\log4j-api-2.24.3.jar;C:\Users\artur\.m2\repository\org\slf4j\jul-to-slf4j\2.0.17\jul-to-slf4j-2.0.17.jar;C:\Users\artur\.m2\repository\jakarta\annotation\jakarta.annotation-api\2.1.1\jakarta.annotation-api-2.1.1.jar;C:\Users\artur\.m2\repository\org\springframework\spring-core\6.2.10\spring-core-6.2.10.jar;C:\Users\artur\.m2\repository\org\springframework\spring-jcl\6.2.10\spring-jcl-6.2.10.jar;C:\Users\artur\.m2\repository\org\yaml\snakeyaml\2.4\snakeyaml-2.4.jar;C:\Users\artur\.m2\repository\org\springframework\boot\spring-boot-starter-json\3.5.5\spring-boot-starter-json-3.5.5.jar;C:\Users\artur\.m2\repository\com\fasterxml\jackson\datatype\jackson-datatype-jdk8\2.19.2\jackson-datatype-jdk8-2.19.2.jar;C:\Users\artur\.m2\repository\com\fasterxml\jackson\datatype\jackson-datatype-jsr310\2.19.2\jackson-datatype-jsr310-2.19.2.jar;C:\Users\artur\.m2\repository\com\fasterxml\jackson\module\jackson-module-parameter-names\2.19.2\jackson-module-parameter-names-2.19.2.jar;C:\Users\artur\.m2\repository\org\springframework\boot\spring-boot-starter-tomcat\3.5.5\spring-boot-starter-tomcat-3.5.5.jar;C:\Users\artur\.m2\repository\org\apache\tomcat\embed\tomcat-embed-core\10.1.44\tomcat-embed-core-10.1.44.jar;C:\Users\artur\.m2\repository\org\apache\tomcat\embed\tomcat-embed-el\10.1.44\tomcat-embed-el-10.1.44.jar;C:\Users\artur\.m2\repository\org\apache\tomcat\embed\tomcat-embed-websocket\10.1.44\tomcat-embed-websocket-10.1.44.jar;C:\Users\artur\.m2\repository\org\springframework\spring-web\6.2.10\spring-web-6.2.10.jar;C:\Users\artur\.m2\repository\org\springframework\spring-beans\6.2.10\spring-beans-6.2.10.jar;C:\Users\artur\.m2\repository\io\micrometer\micrometer-observation\1.15.3\micrometer-observation-1.15.3.jar;C:\Users\artur\.m2\repository\io\micrometer\micrometer-commons\1.15.3\micrometer-commons-1.15.3.jar;C:\Users\artur\.m2\repository\org\springframework\spring-webmvc\6.2.10\spring-webmvc-6.2.10.jar;C:\Users\artur\.m2\repository\org\springframework\spring-context\6.2.10\spring-context-6.2.10.jar;C:\Users\artur\.m2\repository\org\springframework\spring-expression\6.2.10\spring-expression-6.2.10.jar;C:\Users\artur\.m2\repository\org\springframework\boot\spring-boot-starter-data-jpa\3.5.5\spring-boot-starter-data-jpa-3.5.5.jar;C:\Users\artur\.m2\repository\org\springframework\boot\spring-boot-starter-jdbc\3.5.5\spring-boot-starter-jdbc-3.5.5.jar;C:\Users\artur\.m2\repository\com\zaxxer\HikariCP\6.3.2\HikariCP-6.3.2.jar;C:\Users\artur\.m2\repository\org\springframework\spring-jdbc\6.2.10\spring-jdbc-6.2.10.jar;C:\Users\artur\.m2\repository\org\hibernate\orm\hibernate-core\6.6.26.Final\hibernate-core-6.6.26.Final.jar;C:\Users\artur\.m2\repository\jakarta\persistence\jakarta.persistence-api\3.1.0\jakarta.persistence-api-3.1.0.jar;C:\Users\artur\.m2\repository\jakarta\transaction\jakarta.transaction-api\2.0.1\jakarta.transaction-api-2.0.1.jar;C:\Users\artur\.m2\repository\org\jboss\logging\jboss-logging\3.6.1.Final\jboss-logging-3.6.1.Final.jar;C:\Users\artur\.m2\repository\org\hibernate\common\hibernate-commons-annotations\7.0.3.Final\hibernate-commons-annotations-7.0.3.Final.jar;C:\Users\artur\.m2\repository\io\smallrye\jandex\3.2.0\jandex-3.2.0.jar;C:\Users\artur\.m2\repository\com\fasterxml\classmate\1.7.0\classmate-1.7.0.jar;C:\Users\artur\.m2\repository\net\bytebuddy\byte-buddy\1.17.7\byte-buddy-1.17.7.jar;C:\Users\artur\.m2\repository\jakarta\xml\bind\jakarta.xml.bind-api\4.0.2\jakarta.xml.bind-api-4.0.2.jar;C:\Users\artur\.m2\repository\jakarta\activation\jakarta.activation-api\2.1.3\jakarta.activation-api-2.1.3.jar;C:\Users\artur\.m2\repository\org\glassfish\jaxb\jaxb-runtime\4.0.5\jaxb-runtime-4.0.5.jar;C:\Users\artur\.m2\repository\org\glassfish\jaxb\jaxb-core\4.0.5\jaxb-core-4.0.5.jar;C:\Users\artur\.m2\repository\org\eclipse\angus\angus-activation\2.0.2\angus-activation-2.0.2.jar;C:\Users\artur\.m2\repository\org\glassfish\jaxb\txw2\4.0.5\txw2-4.0.5.jar;C:\Users\artur\.m2\repository\com\sun\istack\istack-commons-runtime\4.1.2\istack-commons-runtime-4.1.2.jar;C:\Users\artur\.m2\repository\jakarta\inject\jakarta.inject-api\2.0.1\jakarta.inject-api-2.0.1.jar;C:\Users\artur\.m2\repository\org\antlr\antlr4-runtime\4.13.0\antlr4-runtime-4.13.0.jar;C:\Users\artur\.m2\repository\org\springframework\data\spring-data-jpa\3.5.3\spring-data-jpa-3.5.3.jar;C:\Users\artur\.m2\repository\org\springframework\data\spring-data-commons\3.5.3\spring-data-commons-3.5.3.jar;C:\Users\artur\.m2\repository\org\springframework\spring-orm\6.2.10\spring-orm-6.2.10.jar;C:\Users\artur\.m2\repository\org\springframework\spring-tx\6.2.10\spring-tx-6.2.10.jar;C:\Users\artur\.m2\repository\org\slf4j\slf4j-api\2.0.17\slf4j-api-2.0.17.jar;C:\Users\artur\.m2\repository\org\springframework\spring-aspects\6.2.10\spring-aspects-6.2.10.jar;C:\Users\artur\.m2\repository\org\aspectj\aspectjweaver\1.9.24\aspectjweaver-1.9.24.jar;C:\Users\artur\.m2\repository\org\springframework\boot\spring-boot-starter-security\3.5.5\spring-boot-starter-security-3.5.5.jar;C:\Users\artur\.m2\repository\org\springframework\spring-aop\6.2.10\spring-aop-6.2.10.jar;C:\Users\artur\.m2\repository\org\springframework\security\spring-security-config\6.5.3\spring-security-config-6.5.3.jar;C:\Users\artur\.m2\repository\org\springframework\security\spring-security-core\6.5.3\spring-security-core-6.5.3.jar;C:\Users\artur\.m2\repository\org\springframework\security\spring-security-crypto\6.5.3\spring-security-crypto-6.5.3.jar;C:\Users\artur\.m2\repository\org\springframework\security\spring-security-web\6.5.3\spring-security-web-6.5.3.jar;C:\Users\artur\.m2\repository\com\h2database\h2\2.3.232\h2-2.3.232.jar;C:\Users\artur\.m2\repository\org\projectlombok\lombok\1.18.38\lombok-1.18.38.jar;C:\Users\artur\.m2\repository\io\jsonwebtoken\jjwt-api\0.11.5\jjwt-api-0.11.5.jar;C:\Users\artur\.m2\repository\io\jsonwebtoken\jjwt-impl\0.11.5\jjwt-impl-0.11.5.jar;C:\Users\artur\.m2\repository\io\jsonwebtoken\jjwt-jackson\0.11.5\jjwt-jackson-0.11.5.jar;C:\Users\artur\.m2\repository\com\fasterxml\jackson\core\jackson-databind\2.19.2\jackson-databind-2.19.2.jar;C:\Users\artur\.m2\repository\com\fasterxml\jackson\core\jackson-annotations\2.19.2\jackson-annotations-2.19.2.jar;C:\Users\artur\.m2\repository\com\fasterxml\jackson\core\jackson-core\2.19.2\jackson-core-2.19.2.jar
Launcher Type: SUN_STANDARD

[Global flags]
     intx CICompilerCount                          = 3                                         {product} {ergonomic}
     uint ConcGCThreads                            = 1                                         {product} {ergonomic}
     bool FlightRecorder                           = true                                      {product} {management}
     uint G1ConcRefinementThreads                  = 4                                         {product} {ergonomic}
   size_t G1HeapRegionSize                         = 1048576                                   {product} {ergonomic}
   size_t InitialHeapSize                          = 65011712                                  {product} {ergonomic}
     bool ManagementServer                         = true                                      {product} {command line}
   size_t MarkStackSize                            = 4194304                                   {product} {ergonomic}
   size_t MarkStackSizeMax                         = 536870912                                 {product} {ergonomic}
   size_t MaxHeapSize                              = 1025507328                                {product} {ergonomic}
   size_t MaxNewSize                               = 614465536                                 {product} {ergonomic}
   size_t MinHeapDeltaBytes                        = 1048576                                   {product} {ergonomic}
   size_t MinHeapSize                              = 8388608                                   {product} {ergonomic}
    uintx NonNMethodCodeHeapSize                   = 4096                                   {pd product} {ergonomic}
    uintx NonProfiledCodeHeapSize                  = 0                                      {pd product} {ergonomic}
     bool ProfileInterpreter                       = false                                  {pd product} {command line}
    uintx ProfiledCodeHeapSize                     = 0                                      {pd product} {ergonomic}
   size_t SoftMaxHeapSize                          = 1025507328                             {manageable} {ergonomic}
     intx TieredStopAtLevel                        = 1                                         {product} {command line}
     bool UseCompressedOops                        = true                           {product lp64_product} {ergonomic}
     bool UseG1GC                                  = true                                      {product} {ergonomic}
     bool UseLargePagesIndividualAllocation        = false                                  {pd product} {ergonomic}

Logging:
Log output configuration:
 #0: stdout all=warning uptime,level,tags foldmultilines=false
 #1: stderr all=off uptime,level,tags foldmultilines=false

Environment Variables:
PATH=C:\Program Files (x86)\Common Files\Oracle\Java\java8path;C:\Program Files (x86)\Common Files\Oracle\Java\javapath;C:\Program Files\Microsoft SDKs\Azure\CLI2\wbin;C:\WINDOWS\system32;C:\WINDOWS;C:\WINDOWS\System32\Wbem;C:\WINDOWS\System32\WindowsPowerShell\v1.0\;C:\WINDOWS\System32\OpenSSH\;C:\Program Files\Microsoft SQL Server\150\Tools\Binn\;C:\Program Files\Microsoft SQL Server\Client SDK\ODBC\170\Tools\Binn\;C:\Program Files (x86)\Microsoft SQL Server\160\Tools\Binn\;C:\Program Files\Microsoft SQL Server\160\Tools\Binn\;C:\Program Files\Microsoft SQL Server\160\DTS\Binn\;C:\Program Files (x86)\Microsoft SQL Server\110\Tools\Binn\;C:\Program Files (x86)\Microsoft SQL Server\110\DTS\Binn\;C:\Program Files\Git\cmd;C:\Program Files\nodejs\;C:\Users\artur\AppData\Local\Microsoft\WindowsApps;C:\Users\artur\AppData\Local\Programs\Azure Data Studio\bin;C:\Users\artur\AppData\Local\Programs\Microsoft VS Code\bin;C:\Users\artur\AppData\Local\GitHubDesktop\bin;C:\Users\artur\AppData\Roaming\npm
USERNAME=artur
OS=Windows_NT
PROCESSOR_IDENTIFIER=Intel64 Family 6 Model 156 Stepping 0, GenuineIntel
TMP=C:\Users\artur\AppData\Local\Temp
TEMP=C:\Users\artur\AppData\Local\Temp




Periodic native trim disabled

---------------  S Y S T E M  ---------------

OS:
 Windows 11 , 64 bit Build 22621 (10.0.22621.5415)
OS uptime: 0 days 20:26 hours
Hyper-V role detected

CPU: total 4 (initial active 4) (4 cores per cpu, 1 threads per core) family 6 model 156 stepping 0 microcode 0x24000026, cx8, cmov, fxsr, mmx, 3dnowpref, sse, sse2, sse3, ssse3, sse4.1, sse4.2, popcnt, tsc, tscinvbit, aes, erms, clmul, sha, clflush, clflushopt, clwb, hv, rdtscp, rdpid
Processor Information for the first 4 processors :
  Max Mhz: 1114, Current Mhz: 1114, Mhz Limit: 1114

Memory: 4k page, system-wide physical 3911M (283M free)
TotalPageFile size 13416M (AvailPageFile size 2401M)
current process WorkingSet (physical memory assigned to process): 156M, peak: 188M
current process commit charge ("private bytes"): 264M, peak: 268M

vm_info: OpenJDK 64-Bit Server VM (24+36-3646) for windows-amd64 JRE (24+36-3646), built on 2025-02-06T00:20:43Z with MS VC++ 17.6 (VS2022)

END.
